C:\Hari PhD QUT\Thesis\images\thesis_drawings.dwg,Model,4/07/2018 5:38:44 PM,magarabo,Adobe PDF,A4,1:1.51059,
C:\Hari PhD QUT\Thesis\images\thesis_drawings.dwg,Model,4/07/2018 6:03:15 PM,magarabo,Adobe PDF,A4,1:2.82815,
C:\Hari PhD QUT\Thesis\images\thesis_drawings.dwg,Model,4/07/2018 6:20:09 PM,magarabo,Adobe PDF,A4,1:0.922373,
C:\Hari PhD QUT\Thesis\images\thesis_drawings.dwg,Model,4/07/2018 8:21:43 PM,magarabo,Adobe PDF,A4,1:0.922373,
C:\Hari PhD QUT\Thesis\images\thesis_drawings.dwg,Model,4/07/2018 8:23:30 PM,magarabo,Adobe PDF,A4,1:0.490988,
C:\Hari PhD QUT\Thesis\images\thesis_drawings.dwg,Model,15/09/2019 2:25:54 PM,magarabo,Adobe PDF,A4,1:0.231773,
C:\Hari PhD QUT\Thesis\images\thesis_drawings.dwg,Model,15/09/2019 2:26:58 PM,magarabo,Adobe PDF,A4,1:0.288467,
C:\Hari PhD QUT\Thesis\images\thesis_drawings.dwg,Model,15/09/2019 2:27:37 PM,magarabo,Adobe PDF,A4,1:0.300331,
C:\Hari PhD QUT\Thesis\images\thesis_drawings.dwg,Model,15/09/2019 2:28:11 PM,magarabo,Adobe PDF,A4,1:0.275231,
C:\Hari PhD QUT\Thesis\images\thesis_drawings.dwg,Model,15/09/2019 2:38:25 PM,magarabo,Adobe PDF,A4,1:0.477338,
C:\Hari PhD QUT\Thesis\images\thesis_drawings.dwg,Model,15/09/2019 2:39:54 PM,magarabo,Adobe PDF,A4,1:0.33441,
C:\Hari PhD QUT\Thesis\images\chapter-3.dwg,Model,29/09/2019 3:05:12 PM,magarabo,Adobe PDF,A4,1:1.9498,
C:\Hari PhD QUT\Thesis\images\chapter-3.dwg,Model,2/10/2019 9:28:30 AM,magarabo,Adobe PDF,A4,1:1.86934,
C:\Hari PhD QUT\Thesis\images\chapter-3.dwg,Model,2/10/2019 9:29:49 AM,magarabo,Adobe PDF,A4,1:2.58093,
C:\Hari PhD QUT\Thesis\images\chapter-3.dwg,Model,2/10/2019 9:30:30 AM,magarabo,Adobe PDF,A4,1:1.87765,
C:\Hari PhD QUT\Thesis\images\chapter-3.dwg,Model,2/10/2019 9:47:37 AM,magarabo,Adobe PDF,A4,1:2.62168,
C:\Hari PhD QUT\Thesis\images\chapter-3.dwg,Model,4/10/2019 11:52:20 AM,magarabo,Adobe PDF,A4,1:1.85868,
C:\Hari PhD QUT\Thesis\images\chapter-4.dwg,Model,12/10/2019 6:12:08 PM,magarabo,Adobe PDF,A4,1:2.65801,
C:\Hari PhD QUT\Thesis\images\chapter-4.dwg,Model,14/10/2019 1:57:11 PM,magarabo,Adobe PDF,A4,1:3.07566,
C:\Hari PhD QUT\Thesis\images\chapter-4.dwg,Model,15/10/2019 10:19:40 AM,magarabo,Adobe PDF,A4,1:1.60328,
C:\Hari PhD QUT\Thesis\images\chapter-4.dwg,Model,15/10/2019 10:21:23 AM,magarabo,Adobe PDF,A4,1:2.28241,
C:\Hari PhD QUT\Thesis\images\chapter-4.dwg,Model,15/10/2019 11:07:11 AM,magarabo,Adobe PDF,A4,1:2.27035,
C:\Hari PhD QUT\Thesis\images\chapter-4.dwg,Model,15/10/2019 11:10:00 AM,magarabo,Adobe PDF,A4,1:2.48687,
C:\Hari PhD QUT\Thesis\images\chapter-4.dwg,Model,15/10/2019 11:11:46 AM,magarabo,Adobe PDF,A4,1:2.48562,
C:\Hari PhD QUT\Thesis\images\chapter-4.dwg,Model,15/10/2019 11:13:02 AM,magarabo,Adobe PDF,A4,1:2.37084,
C:\Hari PhD QUT\Thesis\images\chapter-4.dwg,Model,15/10/2019 11:14:09 AM,magarabo,Adobe PDF,A4,1:2.37084,
C:\Hari PhD QUT\Thesis\images\chapter-4.dwg,Model,15/10/2019 12:58:47 PM,magarabo,Adobe PDF,A4,1:4.24806,
C:\Hari PhD QUT\Thesis\images\chapter-4.dwg,Model,15/10/2019 2:40:14 PM,magarabo,Adobe PDF,A4,1:2.31494,
C:\Hari PhD QUT\Thesis\images\chapter-4.dwg,Model,15/10/2019 2:41:24 PM,magarabo,Adobe PDF,A4,1:2.49464,
C:\Hari PhD QUT\Thesis\images\chapter-4.dwg,Model,15/10/2019 2:42:48 PM,magarabo,Adobe PDF,A4,1:2.47387,
C:\Hari PhD QUT\Thesis\images\chapter-4.dwg,Model,15/10/2019 3:04:42 PM,magarabo,Adobe PDF,A4,1:2.35793,
C:\Hari PhD QUT\Thesis\images\chapter-4.dwg,Model,15/10/2019 3:09:02 PM,magarabo,Adobe PDF,A4,1:2.31503,
C:\Hari PhD QUT\Thesis\images\chapter-4.dwg,Model,15/10/2019 3:10:49 PM,magarabo,Adobe PDF,A4,1:4.26735,
C:\Hari PhD QUT\Thesis\images\chapter-4.dwg,Model,15/10/2019 3:13:30 PM,magarabo,Adobe PDF,A4,1:4.17702,
C:\Hari PhD QUT\Thesis\images\chapter-4.dwg,Model,1/12/2019 7:21:22 PM,magarabo,Adobe PDF,A4,1:4.1739,
C:\Hari PhD QUT\Thesis\images\thesis_drawings.dwg,Model,31/12/2019 3:11:12 PM,magarabo,Adobe PDF,A4,1:0.33548,
C:\Hari PhD QUT\Thesis\images\thesis_drawings.dwg,Model,31/12/2019 3:13:19 PM,magarabo,Adobe PDF,A4,1:0.236265,
C:\Hari PhD QUT\Thesis\images\thesis_drawings.dwg,Model,31/12/2019 3:14:12 PM,magarabo,Adobe PDF,A4,1:0.303117,
C:\Hari PhD QUT\Thesis\images\thesis_drawings.dwg,Model,31/12/2019 3:15:12 PM,magarabo,Adobe PDF,A4,1:0.276665,
C:\Hari PhD QUT\Thesis\images\thesis_drawings.dwg,Model,31/12/2019 3:16:13 PM,magarabo,Adobe PDF,A4,1:0.287782,
C:\Hari PhD QUT\Thesis\images\chapter-3.dwg,Model,1/7/2020 7:33:49 PM,n9324755,Adobe PDF,A4,1:1.93638,
C:\Hari PhD QUT\Thesis\images\chapter-4.dwg,Model,1/8/2020 10:56:21 AM,n9324755,Adobe PDF,A4,1:1.04097,
C:\Hari PhD QUT\Thesis\images\chapter-4.dwg,Model,1/8/2020 10:57:08 AM,n9324755,Adobe PDF,A4,1:1.17151,
C:\Hari PhD QUT\Thesis\images\chapter-4.dwg,Model,1/8/2020 11:00:30 AM,n9324755,Adobe PDF,A4,1:1.19659,
C:\Hari PhD QUT\Thesis\images\chapter-4.dwg,Model,1/8/2020 2:01:37 PM,n9324755,Adobe PDF,A4,1:2.20285,
C:\Hari PhD QUT\Thesis\images\chapter-4.dwg,Model,1/8/2020 2:13:37 PM,n9324755,Adobe PDF,A4,1:2.20285,
C:\Hari PhD QUT\Thesis\images\chapter-4.dwg,Model,1/8/2020 2:29:17 PM,n9324755,Adobe PDF,A4,1:2.20285,
C:\Hari PhD QUT\Thesis\images\chapter-4.dwg,Model,1/8/2020 4:01:50 PM,n9324755,Adobe PDF,A4,1:2.34046,
C:\Hari PhD QUT\Thesis\images\chapter-4.dwg,Model,1/8/2020 4:02:56 PM,n9324755,Adobe PDF,A4,1:2.33197,
C:\Hari PhD QUT\Thesis\images\chapter-4.dwg,Model,1/8/2020 4:03:41 PM,n9324755,Adobe PDF,A4,1:2.33197,
C:\Hari PhD QUT\Thesis\images\chapter-4.dwg,Model,1/8/2020 4:04:44 PM,n9324755,Adobe PDF,A4,1:2.35631,
C:\Hari PhD QUT\Thesis\images\chapter-4.dwg,Model,1/8/2020 4:06:46 PM,n9324755,Adobe PDF,A4,1:2.8215,
C:\Hari PhD QUT\Thesis\images\chapter-4.dwg,Model,1/8/2020 4:17:00 PM,n9324755,Adobe PDF,A4,1:2.84884,
C:\Hari PhD QUT\Thesis\images\chapter-4.dwg,Model,1/8/2020 4:21:50 PM,n9324755,Adobe PDF,A4,1:2.84884,
C:\Hari PhD QUT\Thesis\images\chapter-3.dwg,Model,1/8/2020 4:58:29 PM,n9324755,Adobe PDF,A4,1:1.95928,
C:\Hari PhD QUT\Thesis\images\chapter-3.dwg,Model,1/8/2020 5:05:16 PM,n9324755,Adobe PDF,A4,1:1.96031,
C:\Hari PhD QUT\Thesis\images\chapter-3.dwg,Model,1/8/2020 5:05:45 PM,n9324755,Adobe PDF,A4,1:2.67021,
C:\Hari PhD QUT\Thesis\images\chapter-3.dwg,Model,1/8/2020 5:07:45 PM,n9324755,Adobe PDF,A4,1:1.94032,
C:\Hari PhD QUT\Thesis\images\chapter-3.dwg,Model,1/8/2020 5:08:51 PM,n9324755,Adobe PDF,A4,1:2.6678,
C:\Hari PhD QUT\Thesis\images\chapter-4.dwg,Model,1/8/2020 5:09:50 PM,n9324755,Adobe PDF,A4,1:2.33423,
C:\Hari PhD QUT\Thesis\images\chapter-4.dwg,Model,1/8/2020 5:19:59 PM,n9324755,Adobe PDF,A4,1:2.3436,
C:\Hari PhD QUT\Thesis\images\chapter-4.dwg,Model,1/8/2020 5:21:56 PM,n9324755,Adobe PDF,A4,1:2.83637,
C:\Hari PhD QUT\Thesis\images\chapter-4.dwg,Model,1/8/2020 5:23:04 PM,n9324755,Adobe PDF,A4,1:2.80982,
C:\Hari PhD QUT\Thesis\images\chapter-4.dwg,Model,1/8/2020 5:24:02 PM,n9324755,Adobe PDF,A4,1:2.35157,
C:\Hari PhD QUT\Thesis\images\chapter-4.dwg,Model,1/8/2020 5:32:33 PM,n9324755,Adobe PDF,A4,1:4.55698,
C:\Hari PhD QUT\Thesis\images\chapter-4.dwg,Model,1/8/2020 5:36:48 PM,n9324755,Adobe PDF,A4,1:4.16781,
C:\Hari PhD QUT\Thesis\images\chapter-4.dwg,Model,1/8/2020 5:38:58 PM,n9324755,Adobe PDF,A4,1:4.16781,
C:\Hari PhD QUT\Thesis\images\chapter-4.dwg,Model,1/8/2020 5:40:08 PM,n9324755,Adobe PDF,A4,1:4.56211,
C:\Hari PhD QUT\Thesis\images\chapter-4.dwg,Model,1/10/2020 12:06:37 PM,n9324755,Adobe PDF,A4,1:2.33508,
C:\Hari PhD QUT\Thesis\images\thesis_drawings.dwg,Model,9/02/2020 9:39:23 PM,n9324755,Adobe PDF,A4,1:2.67746,
C:\Hari PhD QUT\Thesis\images\chapter-3.dwg,Model,16/02/2020 4:13:59 PM,n9324755,Adobe PDF,A4,1:0.363146,
C:\Hari PhD QUT\Thesis\images\chapter-3.dwg,Model,16/02/2020 4:15:28 PM,n9324755,Adobe PDF,A4,1:0.40649,
C:\Hari PhD QUT\Thesis\images\chapter-3.dwg,Model,16/02/2020 5:28:55 PM,n9324755,Adobe PDF,A4,1:3.31801,
C:\Hari PhD QUT\Thesis\images\chapter-3.dwg,Model,16/02/2020 5:31:26 PM,n9324755,Adobe PDF,A4,1:3.31801,
C:\Hari PhD QUT\Thesis\images\chapter-3.dwg,Model,16/02/2020 5:52:37 PM,n9324755,Adobe PDF,A4,1:2.29699,
C:\Hari PhD QUT\Thesis\images\chapter-3.dwg,Model,16/02/2020 5:54:34 PM,n9324755,Adobe PDF,A4,1:2.29699,
C:\Hari PhD QUT\Thesis\images\chapter-3.dwg,Model,16/02/2020 5:59:07 PM,n9324755,Adobe PDF,A4,1:3.27154,
C:\Hari PhD QUT\Thesis\images\chapter-3.dwg,Model,16/02/2020 7:04:52 PM,n9324755,Adobe PDF,A4,1:2.63251,
C:\Hari PhD QUT\Thesis\images\chapter-3.dwg,Model,16/02/2020 7:08:26 PM,n9324755,Adobe PDF,A4,1:2.63582,
C:\Hari PhD QUT\Thesis\images\chapter-3.dwg,Model,16/02/2020 7:09:22 PM,n9324755,Adobe PDF,A4,1:3.37254,
C:\Hari PhD QUT\Thesis\images\chapter-3.dwg,Model,16/02/2020 7:13:40 PM,n9324755,Adobe PDF,A4,1:2.45322,
C:\Hari PhD QUT\Thesis\images\chapter-3.dwg,Model,16/02/2020 7:14:46 PM,n9324755,Adobe PDF,A4,1:3.24228,
C:\Hari PhD QUT\Thesis\images\chapter-3.dwg,Model,14/03/2020 6:38:32 PM,n9324755,Adobe PDF,A4,1:3.24228,
C:\Hari PhD QUT\Thesis\images\chapter-3.dwg,Model,14/03/2020 6:49:19 PM,n9324755,Adobe PDF,A4,1:2.45719,
C:\Hari PhD QUT\Thesis\images\chapter-4.dwg,Model,15/03/2020 4:05:48 PM,n9324755,Adobe PDF,A4,1:2.33672,
C:\Hari PhD QUT\Thesis\images\chapter-4.dwg,Model,15/03/2020 4:06:51 PM,n9324755,Adobe PDF,A4,1:2.35769,
C:\Hari PhD QUT\Thesis\images\chapter-4.dwg,Model,15/03/2020 4:08:11 PM,n9324755,Adobe PDF,A4,1:4.15978,
